INFO gsw_cle_2016f_g7: 11 sections
INFO gsw_okc_2016wcf_g1: 11 sections
INFO gsw_cle_xmas16: 10 sections
INFO [gsw_cle_2016f_g7_s00] build: running (timeout 2700s) …
INFO [gsw_cle_2016f_g7_s00] build: ok (781s)
INFO [gsw_cle_2016f_g7_s00] segment: running (timeout 300s) …
INFO [gsw_cle_2016f_g7_s00] segment: ok (1s)
INFO [gsw_cle_2016f_g7_s00] matchups: running (timeout 600s) …
INFO [gsw_cle_2016f_g7_s00] matchups: ok (0s)
INFO [gsw_cle_2016f_g7_s01] build: running (timeout 2700s) …
INFO [gsw_cle_2016f_g7_s01] build: ok (650s)
INFO [gsw_cle_2016f_g7_s01] segment: running (timeout 300s) …
INFO [gsw_cle_2016f_g7_s01] segment: ok (1s)
INFO [gsw_cle_2016f_g7_s01] matchups: running (timeout 600s) …
INFO [gsw_cle_2016f_g7_s01] matchups: ok (0s)
INFO [gsw_cle_2016f_g7_s02] build: running (timeout 2700s) …
INFO [gsw_cle_2016f_g7_s02] build: ok (637s)
INFO [gsw_cle_2016f_g7_s02] segment: running (timeout 300s) …
INFO [gsw_cle_2016f_g7_s02] segment: ok (1s)
INFO [gsw_cle_2016f_g7_s02] matchups: running (timeout 600s) …
INFO [gsw_cle_2016f_g7_s02] matchups: ok (0s)
INFO [gsw_cle_2016f_g7_s03] build: running (timeout 2700s) …
INFO [gsw_cle_2016f_g7_s03] build: ok (657s)
INFO [gsw_cle_2016f_g7_s03] segment: running (timeout 300s) …
INFO [gsw_cle_2016f_g7_s03] segment: ok (1s)
INFO [gsw_cle_2016f_g7_s03] matchups: running (timeout 600s) …
INFO [gsw_cle_2016f_g7_s03] matchups: ok (0s)
INFO [gsw_cle_2016f_g7_s04] build: running (timeout 2700s) …
INFO [gsw_cle_2016f_g7_s04] build: ok (686s)
INFO [gsw_cle_2016f_g7_s04] segment: running (timeout 300s) …
INFO [gsw_cle_2016f_g7_s04] segment: ok (1s)
INFO [gsw_cle_2016f_g7_s04] matchups: running (timeout 600s) …
INFO [gsw_cle_2016f_g7_s04] matchups: ok (0s)
INFO [gsw_cle_2016f_g7_s05] build: running (timeout 2700s) …
INFO [gsw_cle_2016f_g7_s05] build: ok (584s)
INFO [gsw_cle_2016f_g7_s05] segment: running (timeout 300s) …
INFO [gsw_cle_2016f_g7_s05] segment: ok (0s)
INFO [gsw_cle_2016f_g7_s05] matchups: running (timeout 600s) …
INFO [gsw_cle_2016f_g7_s05] matchups: ok (0s)
INFO [gsw_cle_2016f_g7_s06] build: running (timeout 2700s) …
INFO [gsw_cle_2016f_g7_s06] build: ok (626s)
INFO [gsw_cle_2016f_g7_s06] segment: running (timeout 300s) …
INFO [gsw_cle_2016f_g7_s06] segment: ok (0s)
INFO [gsw_cle_2016f_g7_s06] matchups: running (timeout 600s) …
INFO [gsw_cle_2016f_g7_s06] matchups: ok (0s)
INFO [gsw_cle_2016f_g7_s07] build: running (timeout 2700s) …
INFO [gsw_cle_2016f_g7_s07] build: ok (706s)
INFO [gsw_cle_2016f_g7_s07] segment: running (timeout 300s) …
INFO [gsw_cle_2016f_g7_s07] segment: ok (0s)
INFO [gsw_cle_2016f_g7_s07] matchups: running (timeout 600s) …
INFO [gsw_cle_2016f_g7_s07] matchups: ok (0s)
INFO [gsw_cle_2016f_g7_s08] build: running (timeout 2700s) …
INFO [gsw_cle_2016f_g7_s08] build: ok (626s)
INFO [gsw_cle_2016f_g7_s08] segment: running (timeout 300s) …
INFO [gsw_cle_2016f_g7_s08] segment: ok (0s)
INFO [gsw_cle_2016f_g7_s08] matchups: running (timeout 600s) …
INFO [gsw_cle_2016f_g7_s08] matchups: ok (0s)
INFO [gsw_cle_2016f_g7_s09] build: running (timeout 2700s) …
INFO [gsw_cle_2016f_g7_s09] build: ok (169s)
INFO [gsw_cle_2016f_g7_s09] segment: running (timeout 300s) …
INFO [gsw_cle_2016f_g7_s09] segment: ok (0s)
INFO [gsw_cle_2016f_g7_s09] matchups: running (timeout 600s) …
INFO [gsw_cle_2016f_g7_s09] matchups: ok (0s)
INFO [gsw_cle_2016f_g7_s10] build: running (timeout 2700s) …
INFO [gsw_cle_2016f_g7_s10] build: ok (58s)
INFO [gsw_cle_2016f_g7_s10] segment: running (timeout 300s) …
WARNING [gsw_cle_2016f_g7_s10] segment: failed — unit abandoned, batch continues
INFO [gsw_okc_2016wcf_g1_s00] build: running (timeout 2700s) …
INFO [gsw_okc_2016wcf_g1_s00] build: ok (1221s)
INFO [gsw_okc_2016wcf_g1_s00] segment: running (timeout 300s) …
INFO [gsw_okc_2016wcf_g1_s00] segment: ok (1s)
INFO [gsw_okc_2016wcf_g1_s00] matchups: running (timeout 600s) …
INFO [gsw_okc_2016wcf_g1_s00] matchups: ok (1s)
INFO [gsw_okc_2016wcf_g1_s01] build: running (timeout 2700s) …
INFO [gsw_okc_2016wcf_g1_s01] build: ok (1079s)
INFO [gsw_okc_2016wcf_g1_s01] segment: running (timeout 300s) …
INFO [gsw_okc_2016wcf_g1_s01] segment: ok (1s)
INFO [gsw_okc_2016wcf_g1_s01] matchups: running (timeout 600s) …
INFO [gsw_okc_2016wcf_g1_s01] matchups: ok (0s)
INFO [gsw_okc_2016wcf_g1_s02] build: running (timeout 2700s) …
INFO [gsw_okc_2016wcf_g1_s02] build: ok (1139s)
INFO [gsw_okc_2016wcf_g1_s02] segment: running (timeout 300s) …
INFO [gsw_okc_2016wcf_g1_s02] segment: ok (1s)
INFO [gsw_okc_2016wcf_g1_s02] matchups: running (timeout 600s) …
INFO [gsw_okc_2016wcf_g1_s02] matchups: ok (0s)
INFO [gsw_okc_2016wcf_g1_s03] build: running (timeout 2700s) …
INFO [gsw_okc_2016wcf_g1_s03] build: ok (1367s)
INFO [gsw_okc_2016wcf_g1_s03] segment: running (timeout 300s) …
INFO [gsw_okc_2016wcf_g1_s03] segment: ok (1s)
INFO [gsw_okc_2016wcf_g1_s03] matchups: running (timeout 600s) …
INFO [gsw_okc_2016wcf_g1_s03] matchups: ok (1s)
INFO [gsw_okc_2016wcf_g1_s04] build: running (timeout 2700s) …
INFO [gsw_okc_2016wcf_g1_s04] build: ok (1037s)
INFO [gsw_okc_2016wcf_g1_s04] segment: running (timeout 300s) …
INFO [gsw_okc_2016wcf_g1_s04] segment: ok (1s)
INFO [gsw_okc_2016wcf_g1_s04] matchups: running (timeout 600s) …
INFO [gsw_okc_2016wcf_g1_s04] matchups: ok (0s)
INFO [gsw_okc_2016wcf_g1_s05] build: running (timeout 2700s) …
INFO [gsw_okc_2016wcf_g1_s05] build: ok (1184s)
INFO [gsw_okc_2016wcf_g1_s05] segment: running (timeout 300s) …
INFO [gsw_okc_2016wcf_g1_s05] segment: ok (1s)
INFO [gsw_okc_2016wcf_g1_s05] matchups: running (timeout 600s) …
INFO [gsw_okc_2016wcf_g1_s05] matchups: ok (1s)
INFO [gsw_okc_2016wcf_g1_s06] build: running (timeout 2700s) …
INFO [gsw_okc_2016wcf_g1_s06] build: ok (1304s)
INFO [gsw_okc_2016wcf_g1_s06] segment: running (timeout 300s) …
INFO [gsw_okc_2016wcf_g1_s06] segment: ok (1s)
INFO [gsw_okc_2016wcf_g1_s06] matchups: running (timeout 600s) …
INFO [gsw_okc_2016wcf_g1_s06] matchups: ok (0s)
INFO [gsw_okc_2016wcf_g1_s07] build: running (timeout 2700s) …
INFO [gsw_okc_2016wcf_g1_s07] build: ok (1049s)
INFO [gsw_okc_2016wcf_g1_s07] segment: running (timeout 300s) …
INFO [gsw_okc_2016wcf_g1_s07] segment: ok (1s)
INFO [gsw_okc_2016wcf_g1_s07] matchups: running (timeout 600s) …
INFO [gsw_okc_2016wcf_g1_s07] matchups: ok (0s)
INFO [gsw_okc_2016wcf_g1_s08] build: running (timeout 2700s) …
INFO [gsw_okc_2016wcf_g1_s08] build: ok (1494s)
INFO [gsw_okc_2016wcf_g1_s08] segment: running (timeout 300s) …
INFO [gsw_okc_2016wcf_g1_s08] segment: ok (1s)
INFO [gsw_okc_2016wcf_g1_s08] matchups: running (timeout 600s) …
INFO [gsw_okc_2016wcf_g1_s08] matchups: ok (1s)
INFO [gsw_okc_2016wcf_g1_s09] build: running (timeout 2700s) …
INFO [gsw_okc_2016wcf_g1_s09] build: ok (1293s)
INFO [gsw_okc_2016wcf_g1_s09] segment: running (timeout 300s) …
INFO [gsw_okc_2016wcf_g1_s09] segment: ok (1s)
INFO [gsw_okc_2016wcf_g1_s09] matchups: running (timeout 600s) …
INFO [gsw_okc_2016wcf_g1_s09] matchups: ok (0s)
INFO [gsw_okc_2016wcf_g1_s10] build: running (timeout 2700s) …
INFO [gsw_okc_2016wcf_g1_s10] build: ok (425s)
INFO [gsw_okc_2016wcf_g1_s10] segment: running (timeout 300s) …
INFO [gsw_okc_2016wcf_g1_s10] segment: ok (0s)
INFO [gsw_okc_2016wcf_g1_s10] matchups: running (timeout 600s) …
INFO [gsw_okc_2016wcf_g1_s10] matchups: ok (0s)
INFO [gsw_cle_xmas16_s00] build: running (timeout 2700s) …
INFO [gsw_cle_xmas16_s00] build: ok (422s)
INFO [gsw_cle_xmas16_s00] segment: running (timeout 300s) …
INFO [gsw_cle_xmas16_s00] segment: ok (0s)
INFO [gsw_cle_xmas16_s00] matchups: running (timeout 600s) …
INFO [gsw_cle_xmas16_s00] matchups: ok (0s)
INFO [gsw_cle_xmas16_s01] build: running (timeout 2700s) …
INFO [gsw_cle_xmas16_s01] build: ok (579s)
INFO [gsw_cle_xmas16_s01] segment: running (timeout 300s) …
INFO [gsw_cle_xmas16_s01] segment: ok (0s)
INFO [gsw_cle_xmas16_s01] matchups: running (timeout 600s) …
INFO [gsw_cle_xmas16_s01] matchups: ok (0s)
INFO [gsw_cle_xmas16_s02] build: running (timeout 2700s) …
INFO [gsw_cle_xmas16_s02] build: ok (442s)
INFO [gsw_cle_xmas16_s02] segment: running (timeout 300s) …
INFO [gsw_cle_xmas16_s02] segment: ok (0s)
INFO [gsw_cle_xmas16_s02] matchups: running (timeout 600s) …
INFO [gsw_cle_xmas16_s02] matchups: ok (0s)
INFO [gsw_cle_xmas16_s03] build: running (timeout 2700s) …
INFO [gsw_cle_xmas16_s03] build: ok (511s)
INFO [gsw_cle_xmas16_s03] segment: running (timeout 300s) …
INFO [gsw_cle_xmas16_s03] segment: ok (0s)
INFO [gsw_cle_xmas16_s03] matchups: running (timeout 600s) …
INFO [gsw_cle_xmas16_s03] matchups: ok (0s)
INFO [gsw_cle_xmas16_s04] build: running (timeout 2700s) …
INFO [gsw_cle_xmas16_s04] build: ok (494s)
INFO [gsw_cle_xmas16_s04] segment: running (timeout 300s) …
INFO [gsw_cle_xmas16_s04] segment: ok (0s)
INFO [gsw_cle_xmas16_s04] matchups: running (timeout 600s) …
INFO [gsw_cle_xmas16_s04] matchups: ok (0s)
INFO [gsw_cle_xmas16_s05] build: running (timeout 2700s) …
INFO [gsw_cle_xmas16_s05] build: ok (404s)
INFO [gsw_cle_xmas16_s05] segment: running (timeout 300s) …
INFO [gsw_cle_xmas16_s05] segment: ok (0s)
INFO [gsw_cle_xmas16_s05] matchups: running (timeout 600s) …
INFO [gsw_cle_xmas16_s05] matchups: ok (0s)
INFO [gsw_cle_xmas16_s06] build: running (timeout 2700s) …
INFO [gsw_cle_xmas16_s06] build: ok (522s)
INFO [gsw_cle_xmas16_s06] segment: running (timeout 300s) …
INFO [gsw_cle_xmas16_s06] segment: ok (0s)
INFO [gsw_cle_xmas16_s06] matchups: running (timeout 600s) …
INFO [gsw_cle_xmas16_s06] matchups: ok (0s)
INFO [gsw_cle_xmas16_s07] build: running (timeout 2700s) …
INFO [gsw_cle_xmas16_s07] build: ok (458s)
INFO [gsw_cle_xmas16_s07] segment: running (timeout 300s) …
INFO [gsw_cle_xmas16_s07] segment: ok (0s)
INFO [gsw_cle_xmas16_s07] matchups: running (timeout 600s) …
INFO [gsw_cle_xmas16_s07] matchups: ok (0s)
INFO [gsw_cle_xmas16_s08] build: running (timeout 2700s) …
INFO [gsw_cle_xmas16_s08] build: ok (541s)
INFO [gsw_cle_xmas16_s08] segment: running (timeout 300s) …
INFO [gsw_cle_xmas16_s08] segment: ok (0s)
INFO [gsw_cle_xmas16_s08] matchups: running (timeout 600s) …
INFO [gsw_cle_xmas16_s08] matchups: ok (0s)
INFO [gsw_cle_xmas16_s09] build: running (timeout 2700s) …
INFO [gsw_cle_xmas16_s09] build: ok (119s)
INFO [gsw_cle_xmas16_s09] segment: running (timeout 300s) …
INFO [gsw_cle_xmas16_s09] segment: ok (0s)
INFO [gsw_cle_xmas16_s09] matchups: running (timeout 600s) …
INFO [gsw_cle_xmas16_s09] matchups: ok (0s)
INFO units complete: 31/32
