INFO gsw_okc_2016wcf_g6: 11 sections
INFO gsw_ind_klay60: 11 sections
INFO gsw_sas_2016: 10 sections
INFO gsw_bos_2016: 11 sections
INFO [gsw_okc_2016wcf_g6_s00] build: running (timeout 2700s) …
INFO [gsw_okc_2016wcf_g6_s00] build: ok (713s)
INFO [gsw_okc_2016wcf_g6_s00] segment: running (timeout 300s) …
INFO [gsw_okc_2016wcf_g6_s00] segment: ok (0s)
INFO [gsw_okc_2016wcf_g6_s00] matchups: running (timeout 600s) …
INFO [gsw_okc_2016wcf_g6_s00] matchups: ok (0s)
INFO [gsw_okc_2016wcf_g6_s01] build: running (timeout 2700s) …
INFO [gsw_okc_2016wcf_g6_s01] build: ok (782s)
INFO [gsw_okc_2016wcf_g6_s01] segment: running (timeout 300s) …
INFO [gsw_okc_2016wcf_g6_s01] segment: ok (1s)
INFO [gsw_okc_2016wcf_g6_s01] matchups: running (timeout 600s) …
INFO [gsw_okc_2016wcf_g6_s01] matchups: ok (0s)
INFO [gsw_okc_2016wcf_g6_s02] build: running (timeout 2700s) …
INFO [gsw_okc_2016wcf_g6_s02] build: ok (643s)
INFO [gsw_okc_2016wcf_g6_s02] segment: running (timeout 300s) …
INFO [gsw_okc_2016wcf_g6_s02] segment: ok (0s)
INFO [gsw_okc_2016wcf_g6_s02] matchups: running (timeout 600s) …
INFO [gsw_okc_2016wcf_g6_s02] matchups: ok (0s)
INFO [gsw_okc_2016wcf_g6_s03] build: running (timeout 2700s) …
INFO [gsw_okc_2016wcf_g6_s03] build: ok (495s)
INFO [gsw_okc_2016wcf_g6_s03] segment: running (timeout 300s) …
INFO [gsw_okc_2016wcf_g6_s03] segment: ok (0s)
INFO [gsw_okc_2016wcf_g6_s03] matchups: running (timeout 600s) …
INFO [gsw_okc_2016wcf_g6_s03] matchups: ok (0s)
INFO [gsw_okc_2016wcf_g6_s04] build: running (timeout 2700s) …
INFO [gsw_okc_2016wcf_g6_s04] build: ok (532s)
INFO [gsw_okc_2016wcf_g6_s04] segment: running (timeout 300s) …
INFO [gsw_okc_2016wcf_g6_s04] segment: ok (0s)
INFO [gsw_okc_2016wcf_g6_s04] matchups: running (timeout 600s) …
INFO [gsw_okc_2016wcf_g6_s04] matchups: ok (0s)
INFO [gsw_okc_2016wcf_g6_s05] build: running (timeout 2700s) …
INFO [gsw_okc_2016wcf_g6_s05] build: ok (579s)
INFO [gsw_okc_2016wcf_g6_s05] segment: running (timeout 300s) …
INFO [gsw_okc_2016wcf_g6_s05] segment: ok (0s)
INFO [gsw_okc_2016wcf_g6_s05] matchups: running (timeout 600s) …
INFO [gsw_okc_2016wcf_g6_s05] matchups: ok (0s)
INFO [gsw_okc_2016wcf_g6_s06] build: running (timeout 2700s) …
INFO [gsw_okc_2016wcf_g6_s06] build: ok (406s)
INFO [gsw_okc_2016wcf_g6_s06] segment: running (timeout 300s) …
INFO [gsw_okc_2016wcf_g6_s06] segment: ok (0s)
INFO [gsw_okc_2016wcf_g6_s06] matchups: running (timeout 600s) …
INFO [gsw_okc_2016wcf_g6_s06] matchups: ok (0s)
INFO [gsw_okc_2016wcf_g6_s07] build: running (timeout 2700s) …
INFO [gsw_okc_2016wcf_g6_s07] build: ok (612s)
INFO [gsw_okc_2016wcf_g6_s07] segment: running (timeout 300s) …
INFO [gsw_okc_2016wcf_g6_s07] segment: ok (0s)
INFO [gsw_okc_2016wcf_g6_s07] matchups: running (timeout 600s) …
INFO [gsw_okc_2016wcf_g6_s07] matchups: ok (0s)
INFO [gsw_okc_2016wcf_g6_s08] build: running (timeout 2700s) …
INFO [gsw_okc_2016wcf_g6_s08] build: ok (539s)
INFO [gsw_okc_2016wcf_g6_s08] segment: running (timeout 300s) …
INFO [gsw_okc_2016wcf_g6_s08] segment: ok (0s)
INFO [gsw_okc_2016wcf_g6_s08] matchups: running (timeout 600s) …
INFO [gsw_okc_2016wcf_g6_s08] matchups: ok (0s)
INFO [gsw_okc_2016wcf_g6_s09] build: running (timeout 2700s) …
INFO [gsw_okc_2016wcf_g6_s09] build: ok (493s)
INFO [gsw_okc_2016wcf_g6_s09] segment: running (timeout 300s) …
INFO [gsw_okc_2016wcf_g6_s09] segment: ok (0s)
INFO [gsw_okc_2016wcf_g6_s09] matchups: running (timeout 600s) …
INFO [gsw_okc_2016wcf_g6_s09] matchups: ok (0s)
INFO [gsw_okc_2016wcf_g6_s10] build: running (timeout 2700s) …
INFO [gsw_okc_2016wcf_g6_s10] build: ok (73s)
INFO [gsw_okc_2016wcf_g6_s10] segment: running (timeout 300s) …
INFO [gsw_okc_2016wcf_g6_s10] segment: ok (0s)
INFO [gsw_okc_2016wcf_g6_s10] matchups: running (timeout 600s) …
INFO [gsw_okc_2016wcf_g6_s10] matchups: ok (0s)
INFO [gsw_ind_klay60_s00] build: running (timeout 2700s) …
INFO [gsw_ind_klay60_s00] build: ok (505s)
INFO [gsw_ind_klay60_s00] segment: running (timeout 300s) …
INFO [gsw_ind_klay60_s00] segment: ok (0s)
INFO [gsw_ind_klay60_s00] matchups: running (timeout 600s) …
INFO [gsw_ind_klay60_s00] matchups: ok (0s)
INFO [gsw_ind_klay60_s01] build: running (timeout 2700s) …
INFO [gsw_ind_klay60_s01] build: ok (642s)
INFO [gsw_ind_klay60_s01] segment: running (timeout 300s) …
INFO [gsw_ind_klay60_s01] segment: ok (0s)
INFO [gsw_ind_klay60_s01] matchups: running (timeout 600s) …
INFO [gsw_ind_klay60_s01] matchups: ok (0s)
INFO [gsw_ind_klay60_s02] build: running (timeout 2700s) …
INFO [gsw_ind_klay60_s02] build: ok (487s)
INFO [gsw_ind_klay60_s02] segment: running (timeout 300s) …
INFO [gsw_ind_klay60_s02] segment: ok (0s)
INFO [gsw_ind_klay60_s02] matchups: running (timeout 600s) …
INFO [gsw_ind_klay60_s02] matchups: ok (0s)
INFO [gsw_ind_klay60_s03] build: running (timeout 2700s) …
INFO [gsw_ind_klay60_s03] build: ok (516s)
INFO [gsw_ind_klay60_s03] segment: running (timeout 300s) …
INFO [gsw_ind_klay60_s03] segment: ok (0s)
INFO [gsw_ind_klay60_s03] matchups: running (timeout 600s) …
INFO [gsw_ind_klay60_s03] matchups: ok (0s)
INFO [gsw_ind_klay60_s04] build: running (timeout 2700s) …
INFO [gsw_ind_klay60_s04] build: ok (397s)
INFO [gsw_ind_klay60_s04] segment: running (timeout 300s) …
INFO [gsw_ind_klay60_s04] segment: ok (0s)
INFO [gsw_ind_klay60_s04] matchups: running (timeout 600s) …
INFO [gsw_ind_klay60_s04] matchups: ok (0s)
INFO [gsw_ind_klay60_s05] build: running (timeout 2700s) …
INFO [gsw_ind_klay60_s05] build: ok (446s)
INFO [gsw_ind_klay60_s05] segment: running (timeout 300s) …
INFO [gsw_ind_klay60_s05] segment: ok (0s)
INFO [gsw_ind_klay60_s05] matchups: running (timeout 600s) …
INFO [gsw_ind_klay60_s05] matchups: ok (0s)
INFO [gsw_ind_klay60_s06] build: running (timeout 2700s) …
INFO [gsw_ind_klay60_s06] build: ok (428s)
INFO [gsw_ind_klay60_s06] segment: running (timeout 300s) …
INFO [gsw_ind_klay60_s06] segment: ok (0s)
INFO [gsw_ind_klay60_s06] matchups: running (timeout 600s) …
INFO [gsw_ind_klay60_s06] matchups: ok (0s)
INFO [gsw_ind_klay60_s07] build: running (timeout 2700s) …
INFO [gsw_ind_klay60_s07] build: ok (525s)
INFO [gsw_ind_klay60_s07] segment: running (timeout 300s) …
INFO [gsw_ind_klay60_s07] segment: ok (0s)
INFO [gsw_ind_klay60_s07] matchups: running (timeout 600s) …
INFO [gsw_ind_klay60_s07] matchups: ok (0s)
INFO [gsw_ind_klay60_s08] build: running (timeout 2700s) …
INFO [gsw_ind_klay60_s08] build: ok (608s)
INFO [gsw_ind_klay60_s08] segment: running (timeout 300s) …
INFO [gsw_ind_klay60_s08] segment: ok (0s)
INFO [gsw_ind_klay60_s08] matchups: running (timeout 600s) …
INFO [gsw_ind_klay60_s08] matchups: ok (0s)
INFO [gsw_ind_klay60_s09] build: running (timeout 2700s) …
INFO [gsw_ind_klay60_s09] build: ok (633s)
INFO [gsw_ind_klay60_s09] segment: running (timeout 300s) …
INFO [gsw_ind_klay60_s09] segment: ok (0s)
INFO [gsw_ind_klay60_s09] matchups: running (timeout 600s) …
INFO [gsw_ind_klay60_s09] matchups: ok (0s)
INFO [gsw_ind_klay60_s10] build: running (timeout 2700s) …
INFO [gsw_ind_klay60_s10] build: ok (31s)
INFO [gsw_ind_klay60_s10] segment: running (timeout 300s) …
WARNING [gsw_ind_klay60_s10] segment: failed — unit abandoned, batch continues
INFO [gsw_sas_2016_s00] build: running (timeout 2700s) …
INFO [gsw_sas_2016_s00] build: ok (620s)
INFO [gsw_sas_2016_s00] segment: running (timeout 300s) …
INFO [gsw_sas_2016_s00] segment: ok (0s)
INFO [gsw_sas_2016_s00] matchups: running (timeout 600s) …
INFO [gsw_sas_2016_s00] matchups: ok (0s)
INFO [gsw_sas_2016_s01] build: running (timeout 2700s) …
INFO [gsw_sas_2016_s01] build: ok (532s)
INFO [gsw_sas_2016_s01] segment: running (timeout 300s) …
INFO [gsw_sas_2016_s01] segment: ok (0s)
INFO [gsw_sas_2016_s01] matchups: running (timeout 600s) …
INFO [gsw_sas_2016_s01] matchups: ok (0s)
INFO [gsw_sas_2016_s02] build: running (timeout 2700s) …
INFO [gsw_sas_2016_s02] build: ok (672s)
INFO [gsw_sas_2016_s02] segment: running (timeout 300s) …
INFO [gsw_sas_2016_s02] segment: ok (0s)
INFO [gsw_sas_2016_s02] matchups: running (timeout 600s) …
INFO [gsw_sas_2016_s02] matchups: ok (0s)
INFO [gsw_sas_2016_s03] build: running (timeout 2700s) …
INFO [gsw_sas_2016_s03] build: ok (522s)
INFO [gsw_sas_2016_s03] segment: running (timeout 300s) …
INFO [gsw_sas_2016_s03] segment: ok (0s)
INFO [gsw_sas_2016_s03] matchups: running (timeout 600s) …
INFO [gsw_sas_2016_s03] matchups: ok (0s)
INFO [gsw_sas_2016_s04] build: running (timeout 2700s) …
INFO [gsw_sas_2016_s04] build: ok (487s)
INFO [gsw_sas_2016_s04] segment: running (timeout 300s) …
INFO [gsw_sas_2016_s04] segment: ok (0s)
INFO [gsw_sas_2016_s04] matchups: running (timeout 600s) …
INFO [gsw_sas_2016_s04] matchups: ok (0s)
INFO [gsw_sas_2016_s05] build: running (timeout 2700s) …
INFO [gsw_sas_2016_s05] build: ok (533s)
INFO [gsw_sas_2016_s05] segment: running (timeout 300s) …
INFO [gsw_sas_2016_s05] segment: ok (0s)
INFO [gsw_sas_2016_s05] matchups: running (timeout 600s) …
INFO [gsw_sas_2016_s05] matchups: ok (0s)
INFO [gsw_sas_2016_s06] build: running (timeout 2700s) …
INFO [gsw_sas_2016_s06] build: ok (542s)
INFO [gsw_sas_2016_s06] segment: running (timeout 300s) …
INFO [gsw_sas_2016_s06] segment: ok (0s)
INFO [gsw_sas_2016_s06] matchups: running (timeout 600s) …
INFO [gsw_sas_2016_s06] matchups: ok (0s)
INFO [gsw_sas_2016_s07] build: running (timeout 2700s) …
INFO [gsw_sas_2016_s07] build: ok (588s)
INFO [gsw_sas_2016_s07] segment: running (timeout 300s) …
INFO [gsw_sas_2016_s07] segment: ok (1s)
INFO [gsw_sas_2016_s07] matchups: running (timeout 600s) …
INFO [gsw_sas_2016_s07] matchups: ok (0s)
INFO [gsw_sas_2016_s08] build: running (timeout 2700s) …
INFO [gsw_sas_2016_s08] build: ok (657s)
INFO [gsw_sas_2016_s08] segment: running (timeout 300s) …
INFO [gsw_sas_2016_s08] segment: ok (0s)
INFO [gsw_sas_2016_s08] matchups: running (timeout 600s) …
INFO [gsw_sas_2016_s08] matchups: ok (0s)
INFO [gsw_sas_2016_s09] build: running (timeout 2700s) …
INFO [gsw_sas_2016_s09] build: ok (235s)
INFO [gsw_sas_2016_s09] segment: running (timeout 300s) …
INFO [gsw_sas_2016_s09] segment: ok (0s)
INFO [gsw_sas_2016_s09] matchups: running (timeout 600s) …
INFO [gsw_sas_2016_s09] matchups: ok (0s)
INFO [gsw_bos_2016_s00] build: running (timeout 2700s) …
INFO [gsw_bos_2016_s00] build: ok (730s)
INFO [gsw_bos_2016_s00] segment: running (timeout 300s) …
INFO [gsw_bos_2016_s00] segment: ok (0s)
INFO [gsw_bos_2016_s00] matchups: running (timeout 600s) …
INFO [gsw_bos_2016_s00] matchups: ok (0s)
INFO [gsw_bos_2016_s01] build: running (timeout 2700s) …
INFO [gsw_bos_2016_s01] build: ok (445s)
INFO [gsw_bos_2016_s01] segment: running (timeout 300s) …
INFO [gsw_bos_2016_s01] segment: ok (0s)
INFO [gsw_bos_2016_s01] matchups: running (timeout 600s) …
INFO [gsw_bos_2016_s01] matchups: ok (0s)
INFO [gsw_bos_2016_s02] build: running (timeout 2700s) …
INFO [gsw_bos_2016_s02] build: ok (752s)
INFO [gsw_bos_2016_s02] segment: running (timeout 300s) …
INFO [gsw_bos_2016_s02] segment: ok (0s)
INFO [gsw_bos_2016_s02] matchups: running (timeout 600s) …
INFO [gsw_bos_2016_s02] matchups: ok (0s)
INFO [gsw_bos_2016_s03] build: running (timeout 2700s) …
INFO [gsw_bos_2016_s03] build: ok (655s)
INFO [gsw_bos_2016_s03] segment: running (timeout 300s) …
INFO [gsw_bos_2016_s03] segment: ok (0s)
INFO [gsw_bos_2016_s03] matchups: running (timeout 600s) …
INFO [gsw_bos_2016_s03] matchups: ok (0s)
INFO [gsw_bos_2016_s04] build: running (timeout 2700s) …
INFO [gsw_bos_2016_s04] build: ok (528s)
INFO [gsw_bos_2016_s04] segment: running (timeout 300s) …
INFO [gsw_bos_2016_s04] segment: ok (0s)
INFO [gsw_bos_2016_s04] matchups: running (timeout 600s) …
INFO [gsw_bos_2016_s04] matchups: ok (0s)
INFO [gsw_bos_2016_s05] build: running (timeout 2700s) …
INFO [gsw_bos_2016_s05] build: ok (540s)
INFO [gsw_bos_2016_s05] segment: running (timeout 300s) …
INFO [gsw_bos_2016_s05] segment: ok (1s)
INFO [gsw_bos_2016_s05] matchups: running (timeout 600s) …
INFO [gsw_bos_2016_s05] matchups: ok (0s)
INFO [gsw_bos_2016_s06] build: running (timeout 2700s) …
INFO [gsw_bos_2016_s06] build: ok (672s)
INFO [gsw_bos_2016_s06] segment: running (timeout 300s) …
INFO [gsw_bos_2016_s06] segment: ok (0s)
INFO [gsw_bos_2016_s06] matchups: running (timeout 600s) …
INFO [gsw_bos_2016_s06] matchups: ok (0s)
INFO [gsw_bos_2016_s07] build: running (timeout 2700s) …
INFO [gsw_bos_2016_s07] build: ok (621s)
INFO [gsw_bos_2016_s07] segment: running (timeout 300s) …
INFO [gsw_bos_2016_s07] segment: ok (0s)
INFO [gsw_bos_2016_s07] matchups: running (timeout 600s) …
INFO [gsw_bos_2016_s07] matchups: ok (0s)
INFO [gsw_bos_2016_s08] build: running (timeout 2700s) …
INFO [gsw_bos_2016_s08] build: ok (619s)
INFO [gsw_bos_2016_s08] segment: running (timeout 300s) …
INFO [gsw_bos_2016_s08] segment: ok (0s)
INFO [gsw_bos_2016_s08] matchups: running (timeout 600s) …
INFO [gsw_bos_2016_s08] matchups: ok (0s)
INFO [gsw_bos_2016_s09] build: running (timeout 2700s) …
INFO [gsw_bos_2016_s09] build: ok (326s)
INFO [gsw_bos_2016_s09] segment: running (timeout 300s) …
INFO [gsw_bos_2016_s09] segment: ok (0s)
INFO [gsw_bos_2016_s09] matchups: running (timeout 600s) …
INFO [gsw_bos_2016_s09] matchups: ok (0s)
INFO [gsw_bos_2016_s10] build: running (timeout 2700s) …
INFO [gsw_bos_2016_s10] build: ok (24s)
INFO [gsw_bos_2016_s10] segment: running (timeout 300s) …
WARNING [gsw_bos_2016_s10] segment: failed — unit abandoned, batch continues
INFO units complete: 41/43
