INFO gsw_cle_2017f_g5: 12 sections
INFO gsw_sac_klay37: 10 sections
INFO gsw_nyk_curry54: 10 sections
INFO gsw_mia_2017: 11 sections
INFO gsw_splash62: 11 sections
INFO gsw_hou_duel: 10 sections
INFO [gsw_cle_2017f_g5_s00] build: running (timeout 2700s) …
INFO [gsw_cle_2017f_g5_s00] build: ok (1523s)
INFO [gsw_cle_2017f_g5_s00] segment: running (timeout 300s) …
INFO [gsw_cle_2017f_g5_s00] segment: ok (0s)
INFO [gsw_cle_2017f_g5_s00] matchups: running (timeout 600s) …
INFO [gsw_cle_2017f_g5_s00] matchups: ok (0s)
INFO [gsw_cle_2017f_g5_s01] build: running (timeout 2700s) …
INFO [gsw_cle_2017f_g5_s01] build: ok (4144s)
INFO [gsw_cle_2017f_g5_s01] segment: running (timeout 300s) …
INFO [gsw_cle_2017f_g5_s01] segment: ok (1s)
INFO [gsw_cle_2017f_g5_s01] matchups: running (timeout 600s) …
INFO [gsw_cle_2017f_g5_s01] matchups: ok (1s)
INFO [gsw_cle_2017f_g5_s02] build: running (timeout 2700s) …
INFO [gsw_cle_2017f_g5_s02] build: ok (1251s)
INFO [gsw_cle_2017f_g5_s02] segment: running (timeout 300s) …
INFO [gsw_cle_2017f_g5_s02] segment: ok (1s)
INFO [gsw_cle_2017f_g5_s02] matchups: running (timeout 600s) …
INFO [gsw_cle_2017f_g5_s02] matchups: ok (1s)
INFO [gsw_cle_2017f_g5_s03] build: running (timeout 2700s) …
INFO [gsw_cle_2017f_g5_s03] build: ok (1518s)
INFO [gsw_cle_2017f_g5_s03] segment: running (timeout 300s) …
INFO [gsw_cle_2017f_g5_s03] segment: ok (1s)
INFO [gsw_cle_2017f_g5_s03] matchups: running (timeout 600s) …
INFO [gsw_cle_2017f_g5_s03] matchups: ok (0s)
INFO [gsw_cle_2017f_g5_s04] build: running (timeout 2700s) …
INFO [gsw_cle_2017f_g5_s04] build: ok (859s)
INFO [gsw_cle_2017f_g5_s04] segment: running (timeout 300s) …
INFO [gsw_cle_2017f_g5_s04] segment: ok (0s)
INFO [gsw_cle_2017f_g5_s04] matchups: running (timeout 600s) …
INFO [gsw_cle_2017f_g5_s04] matchups: ok (0s)
INFO [gsw_cle_2017f_g5_s05] build: running (timeout 2700s) …
INFO [gsw_cle_2017f_g5_s05] build: ok (1643s)
INFO [gsw_cle_2017f_g5_s05] segment: running (timeout 300s) …
INFO [gsw_cle_2017f_g5_s05] segment: ok (1s)
INFO [gsw_cle_2017f_g5_s05] matchups: running (timeout 600s) …
INFO [gsw_cle_2017f_g5_s05] matchups: ok (0s)
INFO [gsw_cle_2017f_g5_s06] build: running (timeout 2700s) …
INFO [gsw_cle_2017f_g5_s06] build: ok (1413s)
INFO [gsw_cle_2017f_g5_s06] segment: running (timeout 300s) …
INFO [gsw_cle_2017f_g5_s06] segment: ok (1s)
INFO [gsw_cle_2017f_g5_s06] matchups: running (timeout 600s) …
INFO [gsw_cle_2017f_g5_s06] matchups: ok (1s)
INFO [gsw_cle_2017f_g5_s07] build: running (timeout 2700s) …
INFO [gsw_cle_2017f_g5_s07] build: ok (1335s)
INFO [gsw_cle_2017f_g5_s07] segment: running (timeout 300s) …
INFO [gsw_cle_2017f_g5_s07] segment: ok (1s)
INFO [gsw_cle_2017f_g5_s07] matchups: running (timeout 600s) …
INFO [gsw_cle_2017f_g5_s07] matchups: ok (0s)
INFO [gsw_cle_2017f_g5_s08] build: running (timeout 2700s) …
INFO [gsw_cle_2017f_g5_s08] build: ok (1352s)
INFO [gsw_cle_2017f_g5_s08] segment: running (timeout 300s) …
INFO [gsw_cle_2017f_g5_s08] segment: ok (0s)
INFO [gsw_cle_2017f_g5_s08] matchups: running (timeout 600s) …
INFO [gsw_cle_2017f_g5_s08] matchups: ok (0s)
INFO [gsw_cle_2017f_g5_s09] build: running (timeout 2700s) …
